<?xml version="1.0" encoding="UTF-8"?>
<!-- Generated by org.testng.reporters.JUnitReportReporter -->
<testsuite hostname="LAPTOP-S269K0CS" failures="0" tests="2" name="variousConcepts.crmTest" time="20.142" errors="0" timestamp="2024-01-21T15:42:01 CST" skipped="0">
  <testcase classname="variousConcepts.crmTest" name="testLogin" time="15.921"/>
  <system-out/>
  <testcase classname="variousConcepts.crmTest" name="testAlert" time="4.221"/>
  <system-out/>
</testsuite> <!-- variousConcepts.crmTest -->
