<?xml version="1.0" encoding="UTF-8"?>
<!-- Generated by org.testng.reporters.JUnitReportReporter -->
<testsuite hostname="LAPTOP-S269K0CS" failures="0" tests="2" name="variousConcepts.crmTest" time="23.555" errors="0" timestamp="2024-01-24T19:56:06 CST" skipped="0">
  <testcase classname="variousConcepts.crmTest" name="testAlert" time="9.115"/>
  <system-out/>
  <testcase classname="variousConcepts.crmTest" name="testLogin" time="14.440"/>
  <system-out/>
</testsuite> <!-- variousConcepts.crmTest -->
